<?xml version="1.0" encoding="UTF-8"?>
<testng-results skipped="0" failed="0" ignored="0" total="1" passed="1">
  <reporter-output>
  </reporter-output>
  <suite name="Default suite" duration-ms="4042" started-at="2020-04-22T15:24:00 IST" finished-at="2020-04-22T15:24:04 IST">
    <groups>
    </groups>
    <test name="Default test" duration-ms="4042" started-at="2020-04-22T15:24:00 IST" finished-at="2020-04-22T15:24:04 IST">
      <class name="com.qa.test.PostAPITest">
        <test-method status="PASS" signature="setUp()[pri:0, instance:com.qa.test.PostAPITest@578486a3]" name="setUp" is-config="true" duration-ms="9" started-at="2020-04-22T15:24:00 IST" finished-at="2020-04-22T15:24:00 IST">
          <reporter-output>
          </reporter-output>
        </test-method> <!-- setUp -->
        <test-method status="PASS" signature="postAPITest()[pri:0, instance:com.qa.test.PostAPITest@578486a3]" name="postAPITest" duration-ms="3961" started-at="2020-04-22T15:24:00 IST" finished-at="2020-04-22T15:24:04 IST">
          <reporter-output>
          </reporter-output>
        </test-method> <!-- postAPITest -->
      </class> <!-- com.qa.test.PostAPITest -->
    </test> <!-- Default test -->
  </suite> <!-- Default suite -->
</testng-results>
